> Task :app:preBuild UP-TO-DATE
> Task :app:preDebugBuild UP-TO-DATE
> Task :app:mergeDebugNativeDebugMetadata NO-SOURCE
> Task :app:checkKotlinGradlePluginConfigurationErrors SKIPPED
> Task :app:checkDebugAarMetadata UP-TO-DATE
> Task :app:generateDebugResValues UP-TO-DATE
> Task :app:processDebugGoogleServices UP-TO-DATE
> Task :app:mapDebugSourceSetPaths UP-TO-DATE
> Task :app:generateDebugResources UP-TO-DATE
> Task :app:mergeDebugResources UP-TO-DATE
> Task :app:packageDebugResources UP-TO-DATE
> Task :app:parseDebugLocalResources UP-TO-DATE
> Task :app:createDebugCompatibleScreenManifests UP-TO-DATE
> Task :app:extractDeepLinksDebug UP-TO-DATE
> Task :app:processDebugMainManifest UP-TO-DATE
> Task :app:processDebugManifest UP-TO-DATE
> Task :app:processDebugManifestForPackage UP-TO-DATE
> Task :app:processDebugResources UP-TO-DATE
> Task :app:javaPreCompileDebug UP-TO-DATE
> Task :app:mergeDebugShaders UP-TO-DATE
> Task :app:compileDebugShaders NO-SOURCE
> Task :app:generateDebugAssets UP-TO-DATE
> Task :app:mergeDebugAssets UP-TO-DATE
> Task :app:compressDebugAssets UP-TO-DATE
> Task :app:desugarDebugFileDependencies UP-TO-DATE
> Task :app:checkDebugDuplicateClasses UP-TO-DATE
> Task :app:mergeExtDexDebug UP-TO-DATE
> Task :app:mergeLibDexDebug UP-TO-DATE
> Task :app:mergeDebugJniLibFolders UP-TO-DATE
> Task :app:mergeDebugNativeLibs UP-TO-DATE
> Task :app:stripDebugDebugSymbols UP-TO-DATE
> Task :app:validateSigningDebug UP-TO-DATE
> Task :app:writeDebugAppMetadata UP-TO-DATE
> Task :app:writeDebugSigningConfigVersions UP-TO-DATE
> Task :app:kspDebugKotlin
e: file:///C:/Users/yazan/.gemini/antigravity/scratch/AuraStore/app/src/main/java/com/example/aurastore/ui/screens/CheckoutScreen.kt:57:5 Expecting an expression
e: file:///C:/Users/yazan/.gemini/antigravity/scratch/AuraStore/app/src/main/java/com/example/aurastore/ui/screens/CheckoutScreen.kt:57:5 Expecting ')'
e: file:///C:/Users/yazan/.gemini/antigravity/scratch/AuraStore/app/src/main/java/com/example/aurastore/ui/screens/CheckoutScreen.kt:57:15 Expecting an element
e: file:///C:/Users/yazan/.gemini/antigravity/scratch/AuraStore/app/src/main/java/com/example/aurastore/ui/screens/CheckoutScreen.kt:57:40 Expecting an expression
e: file:///C:/Users/yazan/.gemini/antigravity/scratch/AuraStore/app/src/main/java/com/example/aurastore/ui/screens/CheckoutScreen.kt:84:5 Expecting a top level declaration
e: file:///C:/Users/yazan/.gemini/antigravity/scratch/AuraStore/app/src/main/java/com/example/aurastore/ui/screens/CheckoutScreen.kt:85:1 Expecting a top level declaration

> Task :app:kspDebugKotlin FAILED

FAILURE: Build failed with an exception.

* What went wrong:
Execution failed for task ':app:kspDebugKotlin'.
> A failure occurred while executing org.jetbrains.kotlin.compilerRunner.GradleCompilerRunnerWithWorkers$GradleKotlinCompilerWorkAction
   > Compilation error. See log for more details

* Try:
> Run with --stacktrace option to get the stack trace.
> Run with --info or --debug option to get more log output.
> Run with --scan to get full insights.
> Get more help at https://help.gradle.org.

BUILD FAILED in 55s
29 actionable tasks: 1 executed, 28 up-to-date
